\BOOKMARK [1][-]{section*.1}{\376\377\000A\000b\000s\000t\000r\000a\000c\000t}{}% 1
\BOOKMARK [1][-]{section.1}{\376\377\0001\000\040\000I\000n\000t\000r\000o\000d\000u\000c\000t\000i\000o\000n}{}% 2
\BOOKMARK [1][-]{section.2}{\376\377\0002\000\040\000B\000a\000c\000k\000g\000r\000o\000u\000n\000d}{}% 3
\BOOKMARK [2][-]{subsection.2.1}{\376\377\0002\000.\0001\000\040\000A\000\040\000C\000P\000S\000\040\000F\000r\000a\000m\000e\000w\000o\000r\000k\000\040\000O\000n\000t\000o\000l\000o\000g\000y}{section.2}% 4
\BOOKMARK [2][-]{subsection.2.2}{\376\377\0002\000.\0002\000\040\000R\000e\000a\000s\000o\000n\000i\000n\000g\000\040\000w\000i\000t\000h\000\040\000O\000n\000t\000o\000l\000o\000g\000y\000\040\000a\000n\000d\000\040\000A\000n\000s\000w\000e\000r\000\040\000S\000e\000t\000\040\000P\000r\000o\000g\000r\000a\000m}{section.2}% 5
\BOOKMARK [2][-]{subsection.2.3}{\376\377\0002\000.\0003\000\040\000R\000e\000p\000r\000e\000s\000e\000n\000t\000i\000n\000g\000\040\000O\000n\000t\000o\000l\000o\000g\000y\000\040\000i\000n\000\040\000A\000S\000P}{section.2}% 6
\BOOKMARK [2][-]{subsection.2.4}{\376\377\0002\000.\0004\000\040\000A\000\040\000U\000s\000e\000\040\000C\000a\000s\000e}{section.2}% 7
\BOOKMARK [1][-]{section.3}{\376\377\0003\000\040\000F\000o\000r\000m\000a\000l\000i\000z\000a\000t\000i\000o\000n}{}% 8
\BOOKMARK [2][-]{subsection.3.1}{\376\377\0003\000.\0001\000\040\000F\000o\000r\000m\000a\000l\000i\000z\000a\000t\000i\000o\000n\000\040\000C\000P\000S\000\040\000o\000n\000t\000o\000l\000o\000g\000y}{section.3}% 9
\BOOKMARK [2][-]{subsection.3.2}{\376\377\0003\000.\0002\000\040\000A\000\040\000P\000h\000y\000s\000i\000c\000a\000l\000\040\000C\000P\000S\000\040\000S\000y\000s\000t\000e\000m}{section.3}% 10
\BOOKMARK [2][-]{subsection.3.3}{\376\377\0003\000.\0003\000\040\000T\000r\000u\000t\000h\000w\000o\000r\000t\000h\000i\000n\000e\000s\000s\000\040\000P\000r\000o\000b\000l\000e\000m\000\040\000D\000e\000f\000i\000n\000i\000t\000i\000o\000n}{section.3}% 11
\BOOKMARK [2][-]{subsection.3.4}{\376\377\0003\000.\0004\000\040\000P\000r\000o\000b\000a\000b\000i\000l\000i\000t\000y\000\040\000o\000f\000\040\000s\000u\000c\000c\000e\000s\000s\000\040\000o\000f\000\040\000m\000i\000t\000i\000g\000a\000t\000i\000o\000n\000\040\000s\000t\000r\000a\000t\000e\000g\000i\000e\000s}{section.3}% 12
\BOOKMARK [2][-]{subsection.3.5}{\376\377\0003\000.\0005\000\040\000L\000i\000k\000e\000l\000i\000h\000o\000o\000d\000\040\000o\000f\000\040\000C\000o\000n\000c\000e\000r\000n\000s\000\040\000S\000a\000t\000i\000s\000f\000a\000c\000t\000i\000o\000n}{section.3}% 13
\BOOKMARK [2][-]{subsection.3.6}{\376\377\0003\000.\0006\000\040\000V\000u\000l\000n\000e\000r\000a\000b\000i\000l\000i\000t\000y\000\040\000i\000n\000\040\000C\000P\000S\000\040\000S\000y\000s\000t\000e\000m}{section.3}% 14
\BOOKMARK [1][-]{section.4}{\376\377\0004\000\040\000I\000m\000p\000l\000e\000m\000e\000n\000t\000a\000t\000i\000o\000n}{}% 15
\BOOKMARK [2][-]{subsection.4.1}{\376\377\0004\000.\0001\000\040\000Q\000u\000e\000r\000y\000\040\0001\000:\000\040\000I\000s\000\040\000t\000h\000e\000\040\000T\000r\000u\000t\000h\000w\000o\000r\000t\000h\000i\000n\000e\000s\000s\000\040\000a\000s\000p\000e\000c\000t\000\040\000s\000a\000t\000i\000s\000f\000i\000e\000d\000?}{section.4}% 16
\BOOKMARK [2][-]{subsection.4.2}{\376\377\0004\000.\0002\000\040\000Q\000u\000e\000r\000y\000\040\0002\000:\000\040\000W\000h\000a\000t\000\040\000i\000s\000\040\000t\000h\000e\000\040\000m\000o\000s\000t\000\040\000v\000u\000l\000n\000e\000r\000a\000b\000i\000l\000i\000t\000y\000\040\000i\000n\000\040\000t\000h\000e\000\040\000s\000y\000s\000t\000e\000m\000?}{section.4}% 17
\BOOKMARK [2][-]{subsection.4.3}{\376\377\0004\000.\0003\000\040\000Q\000u\000e\000r\000y\000\040\0003\000:\000\040\000I\000f\000\040\000t\000h\000e\000r\000e\000\040\000e\000x\000i\000s\000t\000s\000\040\000t\000h\000e\000\040\000v\000u\000l\000n\000e\000r\000a\000b\000i\000l\000i\000t\000y\000,\000\040\000h\000o\000w\000\040\000t\000o\000\040\000f\000i\000x\000\040\000i\000t\000?}{section.4}% 18
\BOOKMARK [1][-]{section.5}{\376\377\0005\000\040\000E\000x\000p\000e\000r\000i\000m\000e\000n\000t\000\040\000E\000v\000a\000l\000u\000a\000t\000i\000o\000n}{}% 19
\BOOKMARK [1][-]{section.6}{\376\377\0006\000\040\000C\000o\000n\000c\000l\000u\000s\000i\000o\000n\000s}{}% 20
\BOOKMARK [1][-]{section*.7}{\376\377\000R\000e\000f\000e\000r\000e\000n\000c\000e\000s}{}% 21
